#
# A fatal error has been detected by the Java Runtime Environment:
#
#  EXCEPTION_ACCESS_VIOLATION (0xc0000005) at pc=0x00007ff8d9b60da3, pid=9744, tid=0x00000000000024f4
#
# JRE version: Java(TM) SE Runtime Environment (8.0_121-b13) (build 1.8.0_121-b13)
# Java VM: Java HotSpot(TM) 64-Bit Server VM (25.121-b13 mixed mode windows-amd64 compressed oops)
# Problematic frame:
# C  [lwjgl_opengl.dll+0x10da3]
#
# Failed to write core dump. Minidumps are not enabled by default on client versions of Windows
#
# If you would like to submit a bug report, please visit:
#   http://bugreport.java.com/bugreport/crash.jsp
# The crash happened outside the Java Virtual Machine in native code.
# See problematic frame for where to report the bug.
#

---------------  T H R E A D  ---------------

Current thread (0x0000000017d2a800):  JavaThread "Thread-2" [_thread_in_native, id=9460, stack(0x00000000197f0000,0x00000000198f0000)]

siginfo: ExceptionCode=0xc0000005, reading address 0x00000000000034e8

Registers:
RAX=0x000000005367fd50, RBX=0x0000000019661ae8, RCX=0x0000000000000000, RDX=0x00000000198ef3a0
RSP=0x00000000198ef308, RBP=0x00000000198ef390, RSI=0x0000000000000001, RDI=0x0000000000000178
R8 =0x0000000000000006, R9 =0x0000000017bbb230, R10=0x00000000031e7988, R11=0x000000005310b820
R12=0x0000000000000000, R13=0x0000000019661ae8, R14=0x00000000198ef3c0, R15=0x0000000017d2a800
RIP=0x00007ff8d9b60da3, EFLAGS=0x0000000000010202

Top of Stack: (sp=0x00000000198ef308)
0x00000000198ef308:   00000000031e79b4 0000000000000178
0x00000000198ef318:   00000000031e771d 0000000017d2a800
0x00000000198ef328:   0000000019661ae8 0000000000000000
0x00000000198ef338:   0000000017d2a800 00000000198ef428
0x00000000198ef348:   00000000031e76e2 00000000198ef350
0x00000000198ef358:   0000000019661ae8 00000000198ef3c0
0x00000000198ef368:   0000000019684608 0000000000000000
0x00000000198ef378:   0000000019661ae8 0000000000000000
0x00000000198ef388:   00000000198ef3b0 00000000198ef408
0x00000000198ef398:   00000000031d835d 00000000ee820bc0
0x00000000198ef3a8:   00000000031e19d8 0000000000000000
0x00000000198ef3b8:   0000000042700000 0000000000000000
0x00000000198ef3c8:   00000000198ef3c8 0000000019661b83
0x00000000198ef3d8:   00000000198ef428 0000000019684608
0x00000000198ef3e8:   0000000000000000 0000000019661bb8
0x00000000198ef3f8:   00000000198ef3b0 00000000198ef418 

Instructions: (pc=0x00007ff8d9b60da3)
0x00007ff8d9b60d83:   00 00 48 83 c4 50 5b c3 cc cc cc cc cc 48 8b 01
0x00007ff8d9b60d93:   0f 28 c2 f3 0f 10 54 24 28 0f 28 cb 48 8b 48 18
0x00007ff8d9b60da3:   48 ff a1 e8 34 00 00 cc cc cc cc cc cc 48 8b 01
0x00007ff8d9b60db3:   0f 28 c2 f2 0f 10 54 24 28 0f 28 cb 48 8b 48 18 


Register to memory mapping:

RAX=0x000000005367fd50 is an unknown value
RBX={method} {0x0000000019661af0} 'nglTranslatef' '(FFF)V' in 'org/lwjgl/opengl/GL11'
RCX=0x0000000000000000 is an unknown value
RDX=0x00000000198ef3a0 is pointing into the stack for thread: 0x0000000017d2a800
RSP=0x00000000198ef308 is pointing into the stack for thread: 0x0000000017d2a800
RBP=0x00000000198ef390 is pointing into the stack for thread: 0x0000000017d2a800
RSI=0x0000000000000001 is an unknown value
RDI=0x0000000000000178 is an unknown value
R8 =0x0000000000000006 is an unknown value
R9 =0x0000000017bbb230 is an unknown value
R10=0x00000000031e7988 is at code_begin+840 in an Interpreter codelet
method entry point (kind = native)  [0x00000000031e7640, 0x00000000031e7fa0]  2400 bytes
R11=0x000000005310b820 is an unknown value
R12=0x0000000000000000 is an unknown value
R13={method} {0x0000000019661af0} 'nglTranslatef' '(FFF)V' in 'org/lwjgl/opengl/GL11'
R14=0x00000000198ef3c0 is pointing into the stack for thread: 0x0000000017d2a800
R15=0x0000000017d2a800 is a thread


Stack: [0x00000000197f0000,0x00000000198f0000],  sp=0x00000000198ef308,  free space=1020k
Native frames: (J=compiled Java code, j=interpreted, Vv=VM code, C=native code)
C  [lwjgl_opengl.dll+0x10da3]

Java frames: (J=compiled Java code, j=interpreted, Vv=VM code)
j  org.lwjgl.opengl.GL11.nglTranslatef(FFF)V+0
j  org.lwjgl.opengl.GL11.glTranslatef(FFF)V+3
j  codemetropolis.toolchain.rendering.materialization.GUI.Cube.cubeWithParameters(FFFFFF)V+6
j  codemetropolis.toolchain.rendering.materialization.controller.thread.GraphicsThread.run()V+98
v  ~StubRoutines::call_stub

---------------  P R O C E S S  ---------------

Java Threads: ( => current thread )
  0x00000000151b3800 JavaThread "TimerQueue" daemon [_thread_blocked, id=6128, stack(0x00000000199f0000,0x0000000019af0000)]
=>0x0000000017d2a800 JavaThread "Thread-2" [_thread_in_native, id=9460, stack(0x00000000197f0000,0x00000000198f0000)]
  0x000000000176d800 JavaThread "DestroyJavaVM" [_thread_blocked, id=4068, stack(0x0000000002f10000,0x0000000003010000)]
  0x0000000017a3f000 JavaThread "Image Fetcher 1" daemon [_thread_blocked, id=5728, stack(0x0000000018650000,0x0000000018750000)]
  0x0000000017a21000 JavaThread "Image Fetcher 0" daemon [_thread_blocked, id=6096, stack(0x0000000018550000,0x0000000018650000)]
  0x0000000017a33000 JavaThread "AWT-EventQueue-0" [_thread_blocked, id=3020, stack(0x0000000018450000,0x0000000018550000)]
  0x0000000017a3e800 JavaThread "Image Fetcher 3" daemon [_thread_blocked, id=6520, stack(0x0000000018150000,0x0000000018250000)]
  0x0000000016942800 JavaThread "AWT-Windows" daemon [_thread_in_native, id=8552, stack(0x0000000017040000,0x0000000017140000)]
  0x0000000016941000 JavaThread "AWT-Shutdown" [_thread_blocked, id=4976, stack(0x0000000016f40000,0x0000000017040000)]
  0x000000001693d800 JavaThread "Java2D Disposer" daemon [_thread_blocked, id=848, stack(0x0000000016d70000,0x0000000016e70000)]
  0x00000000151b5000 JavaThread "Service Thread" daemon [_thread_blocked, id=3076, stack(0x0000000016370000,0x0000000016470000)]
  0x0000000015153000 JavaThread "C1 CompilerThread1" daemon [_thread_blocked, id=9904, stack(0x0000000016270000,0x0000000016370000)]
  0x0000000015145000 JavaThread "C2 CompilerThread0" daemon [_thread_blocked, id=9360, stack(0x0000000016170000,0x0000000016270000)]
  0x0000000015143800 JavaThread "Attach Listener" daemon [_thread_blocked, id=7976, stack(0x0000000016070000,0x0000000016170000)]
  0x0000000015140000 JavaThread "Signal Dispatcher" daemon [_thread_blocked, id=8024, stack(0x0000000015f70000,0x0000000016070000)]
  0x0000000015128800 JavaThread "Finalizer" daemon [_thread_blocked, id=640, stack(0x0000000015d80000,0x0000000015e80000)]
  0x00000000031bd800 JavaThread "Reference Handler" daemon [_thread_blocked, id=8348, stack(0x0000000015c80000,0x0000000015d80000)]

Other Threads:
  0x0000000015106000 VMThread [stack: 0x0000000015b80000,0x0000000015c80000] [id=2780]
  0x00000000151b9800 WatcherThread [stack: 0x0000000016470000,0x0000000016570000] [id=5012]

VM state:not at safepoint (normal execution)

VM Mutex/Monitor currently owned by a thread: None

Heap:
 PSYoungGen      total 16896K, used 5448K [0x00000000ed980000, 0x00000000eec00000, 0x0000000100000000)
  eden space 14848K, 23% used [0x00000000ed980000,0x00000000edcd62a0,0x00000000ee800000)
  from space 2048K, 99% used [0x00000000ee800000,0x00000000ee9fc010,0x00000000eea00000)
  to   space 2048K, 0% used [0x00000000eea00000,0x00000000eea00000,0x00000000eec00000)
 ParOldGen       total 38400K, used 3441K [0x00000000c8c00000, 0x00000000cb180000, 0x00000000ed980000)
  object space 38400K, 8% used [0x00000000c8c00000,0x00000000c8f5c748,0x00000000cb180000)
 Metaspace       used 17815K, capacity 18002K, committed 18432K, reserved 1064960K
  class space    used 2158K, capacity 2256K, committed 2304K, reserved 1048576K

Card table byte_map: [0x0000000012590000,0x0000000012750000] byte_map_base: 0x0000000011f4a000

Marking Bits: (ParMarkBitMap*) 0x00000000536fb6d0
 Begin Bits: [0x0000000012a80000, 0x0000000013850000)
 End Bits:   [0x0000000013850000, 0x0000000014620000)

Polling page: 0x0000000001360000

CodeCache: size=245760Kb used=4666Kb max_used=4666Kb free=241093Kb
 bounds [0x00000000031d0000, 0x0000000003670000, 0x00000000121d0000]
 total_blobs=1944 nmethods=1357 adapters=500
 compilation: enabled

Compilation events (10 events):
Event: 5.528 Thread 0x0000000015153000 1353       1       java.util.jar.JarFile::access$300 (5 bytes)
Event: 5.529 Thread 0x0000000015153000 nmethod 1353 0x000000000365f650 code [0x000000000365f7a0, 0x000000000365f890]
Event: 5.534 Thread 0x0000000015153000 1354       3       java.util.jar.Attributes$Name::hashCode (24 bytes)
Event: 5.534 Thread 0x0000000015153000 nmethod 1354 0x000000000365f910 code [0x000000000365fa80, 0x000000000365fc48]
Event: 5.541 Thread 0x0000000015153000 1355       3       sun.reflect.ReflectionFactory::langReflectAccess (15 bytes)
Event: 5.542 Thread 0x0000000015153000 nmethod 1355 0x000000000365fcd0 code [0x000000000365fe40, 0x0000000003660050]
Event: 5.542 Thread 0x0000000015153000 1356       3       java.lang.reflect.AccessibleObject::<init> (5 bytes)
Event: 5.542 Thread 0x0000000015153000 nmethod 1356 0x00000000036600d0 code [0x0000000003660220, 0x00000000036603d0]
Event: 5.544 Thread 0x0000000015153000 1357       3       sun.misc.URLClassPath::access$100 (7 bytes)
Event: 5.545 Thread 0x0000000015153000 nmethod 1357 0x0000000003660490 code [0x0000000003660600, 0x0000000003660768]

GC Heap History (2 events):
Event: 5.275 GC heap before
{Heap before GC invocations=1 (full 0):
 PSYoungGen      total 16896K, used 14848K [0x00000000ed980000, 0x00000000eec00000, 0x0000000100000000)
  eden space 14848K, 100% used [0x00000000ed980000,0x00000000ee800000,0x00000000ee800000)
  from space 2048K, 0% used [0x00000000eea00000,0x00000000eea00000,0x00000000eec00000)
  to   space 2048K, 0% used [0x00000000ee800000,0x00000000ee800000,0x00000000eea00000)
 ParOldGen       total 38400K, used 0K [0x00000000c8c00000, 0x00000000cb180000, 0x00000000ed980000)
  object space 38400K, 0% used [0x00000000c8c00000,0x00000000c8c00000,0x00000000cb180000)
 Metaspace       used 16732K, capacity 16960K, committed 17280K, reserved 1064960K
  class space    used 2040K, capacity 2124K, committed 2176K, reserved 1048576K
Event: 5.289 GC heap after
Heap after GC invocations=1 (full 0):
 PSYoungGen      total 16896K, used 2032K [0x00000000ed980000, 0x00000000eec00000, 0x0000000100000000)
  eden space 14848K, 0% used [0x00000000ed980000,0x00000000ed980000,0x00000000ee800000)
  from space 2048K, 99% used [0x00000000ee800000,0x00000000ee9fc010,0x00000000eea00000)
  to   space 2048K, 0% used [0x00000000eea00000,0x00000000eea00000,0x00000000eec00000)
 ParOldGen       total 38400K, used 3441K [0x00000000c8c00000, 0x00000000cb180000, 0x00000000ed980000)
  object space 38400K, 8% used [0x00000000c8c00000,0x00000000c8f5c748,0x00000000cb180000)
 Metaspace       used 16732K, capacity 16960K, committed 17280K, reserved 1064960K
  class space    used 2040K, capacity 2124K, committed 2176K, reserved 1048576K
}

Deoptimization events (10 events):
Event: 0.958 Thread 0x000000000176d800 Uncommon trap: reason=class_check action=maybe_recompile pc=0x0000000003361b5c method=java.lang.String.equals(Ljava/lang/Object;)Z @ 8
Event: 0.958 Thread 0x000000000176d800 Uncommon trap: reason=class_check action=maybe_recompile pc=0x0000000003361b5c method=java.lang.String.equals(Ljava/lang/Object;)Z @ 8
Event: 1.212 Thread 0x0000000016942800 Uncommon trap: reason=unstable_if action=reinterpret pc=0x000000000338c400 method=java.lang.CharacterData.of(I)Ljava/lang/CharacterData; @ 4
Event: 2.811 Thread 0x0000000017a33000 Uncommon trap: reason=unstable_if action=reinterpret pc=0x00000000034f16b4 method=com.sun.org.apache.xerces.internal.impl.XMLEntityScanner.checkBeforeLoad(Lcom/sun/xml/internal/stream/Entity$ScannedEntity;II)I @ 18
Event: 2.922 Thread 0x0000000017a33000 Uncommon trap: reason=unstable_if action=reinterpret pc=0x000000000353d634 method=com.sun.org.apache.xerces.internal.impl.XMLEntityScanner.scanContent(Lcom/sun/org/apache/xerces/internal/xni/XMLString;)I @ 418
Event: 5.258 Thread 0x0000000017d2a800 Uncommon trap: reason=bimorphic action=maybe_recompile pc=0x000000000347ece0 method=java.util.HashMap.getNode(ILjava/lang/Object;)Ljava/util/HashMap$Node; @ 126
Event: 5.259 Thread 0x0000000017d2a800 Uncommon trap: reason=bimorphic action=maybe_recompile pc=0x000000000347ece0 method=java.util.HashMap.getNode(ILjava/lang/Object;)Ljava/util/HashMap$Node; @ 126
Event: 5.259 Thread 0x0000000017d2a800 Uncommon trap: reason=bimorphic action=maybe_recompile pc=0x000000000347ece0 method=java.util.HashMap.getNode(ILjava/lang/Object;)Ljava/util/HashMap$Node; @ 126
Event: 5.314 Thread 0x0000000017d2a800 Uncommon trap: reason=bimorphic action=maybe_recompile pc=0x000000000347ece0 method=java.util.HashMap.getNode(ILjava/lang/Object;)Ljava/util/HashMap$Node; @ 126
Event: 5.324 Thread 0x0000000017d2a800 Uncommon trap: reason=bimorphic action=maybe_recompile pc=0x00000000034339f4 method=java.util.HashMap.getNode(ILjava/lang/Object;)Ljava/util/HashMap$Node; @ 126

Internal exceptions (10 events):
Event: 0.407 Thread 0x000000000176d800 Exception <a 'java/lang/NoSuchFieldError': method resolution failed> (0x00000000edb9fb08) thrown at [C:\re\workspace\8-2-build-windows-amd64-cygwin\jdk8u121\8372\hotspot\src\share\vm\prims\methodHandles.cpp, line 1146]
Event: 0.419 Thread 0x000000000176d800 Exception <a 'java/lang/NoSuchFieldError': method resolution failed> (0x00000000edbaced8) thrown at [C:\re\workspace\8-2-build-windows-amd64-cygwin\jdk8u121\8372\hotspot\src\share\vm\prims\methodHandles.cpp, line 1146]
Event: 0.518 Thread 0x000000000176d800 Exception <a 'java/io/FileNotFoundException'> (0x00000000edc41b38) thrown at [C:\re\workspace\8-2-build-windows-amd64-cygwin\jdk8u121\8372\hotspot\src\share\vm\prims\jni.cpp, line 709]
Event: 0.791 Thread 0x0000000017a3e800 Exception <a 'java/lang/InterruptedException': sleep interrupted> (0x00000000edf42238) thrown at [C:\re\workspace\8-2-build-windows-amd64-cygwin\jdk8u121\8372\hotspot\src\share\vm\prims\jvm.cpp, line 3180]
Event: 5.513 Thread 0x0000000017d2a800 Exception <a 'sun/nio/fs/WindowsException'> (0x00000000edc38930) thrown at [C:\re\workspace\8-2-build-windows-amd64-cygwin\jdk8u121\8372\hotspot\src\share\vm\prims\jni.cpp, line 709]
Event: 5.514 Thread 0x0000000017d2a800 Exception <a 'sun/nio/fs/WindowsException'> (0x00000000edc39118) thrown at [C:\re\workspace\8-2-build-windows-amd64-cygwin\jdk8u121\8372\hotspot\src\share\vm\prims\jni.cpp, line 709]
Event: 5.516 Thread 0x0000000017d2a800 Exception <a 'sun/nio/fs/WindowsException'> (0x00000000edc3afd8) thrown at [C:\re\workspace\8-2-build-windows-amd64-cygwin\jdk8u121\8372\hotspot\src\share\vm\prims\jni.cpp, line 709]
Event: 5.516 Thread 0x0000000017d2a800 Exception <a 'sun/nio/fs/WindowsException'> (0x00000000edc3b500) thrown at [C:\re\workspace\8-2-build-windows-amd64-cygwin\jdk8u121\8372\hotspot\src\share\vm\prims\jni.cpp, line 709]
Event: 5.516 Thread 0x0000000017d2a800 Exception <a 'sun/nio/fs/WindowsException'> (0x00000000edc3bed8) thrown at [C:\re\workspace\8-2-build-windows-amd64-cygwin\jdk8u121\8372\hotspot\src\share\vm\prims\jni.cpp, line 709]
Event: 5.516 Thread 0x0000000017d2a800 Exception <a 'sun/nio/fs/WindowsException'> (0x00000000edc3c368) thrown at [C:\re\workspace\8-2-build-windows-amd64-cygwin\jdk8u121\8372\hotspot\src\share\vm\prims\jni.cpp, line 709]

Events (10 events):
Event: 5.541 loading class java/nio/DirectDoubleBufferU
Event: 5.541 loading class java/nio/DirectDoubleBufferU done
Event: 5.543 loading class org/lwjgl/system/windows/WinBase
Event: 5.543 loading class org/lwjgl/system/windows/WinBase done
Event: 5.545 loading class org/lwjgl/opengl/GL$1
Event: 5.545 loading class org/lwjgl/opengl/GL$1 done
Event: 5.546 loading class org/lwjgl/opengl/GL$SharedLibraryGL
Event: 5.546 loading class org/lwjgl/opengl/GL$SharedLibraryGL done
Event: 5.547 loading class org/lwjgl/system/SharedLibrary$Delegate
Event: 5.547 loading class org/lwjgl/system/SharedLibrary$Delegate done


Dynamic libraries:
0x00007ff665ea0000 - 0x00007ff665ed7000 	C:\Program Files\Java\jdk1.8.0_121\bin\javaw.exe
0x00007ff8f5660000 - 0x00007ff8f5831000 	C:\WINDOWS\SYSTEM32\ntdll.dll
0x00007ff8f2fd0000 - 0x00007ff8f307b000 	C:\WINDOWS\System32\KERNEL32.DLL
0x00007ff8f2350000 - 0x00007ff8f256d000 	C:\WINDOWS\System32\KERNELBASE.dll
0x00007ff8f3e90000 - 0x00007ff8f3f32000 	C:\WINDOWS\System32\ADVAPI32.dll
0x00007ff8f3f40000 - 0x00007ff8f3fde000 	C:\WINDOWS\System32\msvcrt.dll
0x00007ff8f3720000 - 0x00007ff8f3779000 	C:\WINDOWS\System32\sechost.dll
0x00007ff8f35f0000 - 0x00007ff8f3711000 	C:\WINDOWS\System32\RPCRT4.dll
0x00007ff8f2c20000 - 0x00007ff8f2d85000 	C:\WINDOWS\System32\USER32.dll
0x00007ff8f1b50000 - 0x00007ff8f1b6e000 	C:\WINDOWS\System32\win32u.dll
0x00007ff8f3890000 - 0x00007ff8f38c4000 	C:\WINDOWS\System32\GDI32.dll
0x00007ff8f2a60000 - 0x00007ff8f2be2000 	C:\WINDOWS\System32\gdi32full.dll
0x00007ff8e8b20000 - 0x00007ff8e8d9a000 	C:\WINDOWS\WinSxS\amd64_microsoft.windows.common-controls_6595b64144ccf1df_6.0.14393.953_none_42151e83c686086b\COMCTL32.dll
0x00007ff8f3bc0000 - 0x00007ff8f3e88000 	C:\WINDOWS\System32\combase.dll
0x00007ff8f2250000 - 0x00007ff8f2345000 	C:\WINDOWS\System32\ucrtbase.dll
0x00007ff8f2830000 - 0x00007ff8f289a000 	C:\WINDOWS\System32\bcryptPrimitives.dll
0x00007ff8f2bf0000 - 0x00007ff8f2c1e000 	C:\WINDOWS\System32\IMM32.DLL
0x0000000052890000 - 0x0000000052962000 	C:\Program Files\Java\jdk1.8.0_121\jre\bin\msvcr100.dll
0x0000000052ee0000 - 0x000000005377b000 	C:\Program Files\Java\jdk1.8.0_121\jre\bin\server\jvm.dll
0x00007ff8f3fe0000 - 0x00007ff8f3fe8000 	C:\WINDOWS\System32\PSAPI.DLL
0x00007ff8e3d30000 - 0x00007ff8e3d39000 	C:\WINDOWS\SYSTEM32\WSOCK32.dll
0x00007ff8eff10000 - 0x00007ff8eff33000 	C:\WINDOWS\SYSTEM32\WINMM.dll
0x00007ff8f38d0000 - 0x00007ff8f393a000 	C:\WINDOWS\System32\WS2_32.dll
0x00007ff8e3650000 - 0x00007ff8e365a000 	C:\WINDOWS\SYSTEM32\VERSION.dll
0x00007ff8efeb0000 - 0x00007ff8efedb000 	C:\WINDOWS\SYSTEM32\WINMMBASE.dll
0x00007ff8f27e0000 - 0x00007ff8f2822000 	C:\WINDOWS\System32\cfgmgr32.dll
0x0000000052df0000 - 0x0000000052dff000 	C:\Program Files\Java\jdk1.8.0_121\jre\bin\verify.dll
0x0000000052dc0000 - 0x0000000052de9000 	C:\Program Files\Java\jdk1.8.0_121\jre\bin\java.dll
0x0000000052da0000 - 0x0000000052db6000 	C:\Program Files\Java\jdk1.8.0_121\jre\bin\zip.dll
0x00007ff8f3ff0000 - 0x00007ff8f54f8000 	C:\WINDOWS\System32\SHELL32.dll
0x00007ff8f1b70000 - 0x00007ff8f224a000 	C:\WINDOWS\System32\windows.storage.dll
0x00007ff8f1af0000 - 0x00007ff8f1b3c000 	C:\WINDOWS\System32\powrprof.dll
0x00007ff8f2f70000 - 0x00007ff8f2fc2000 	C:\WINDOWS\System32\shlwapi.dll
0x00007ff8f1ae0000 - 0x00007ff8f1aef000 	C:\WINDOWS\System32\kernel.appcore.dll
0x00007ff8f2900000 - 0x00007ff8f29a9000 	C:\WINDOWS\System32\shcore.dll
0x00007ff8f1ac0000 - 0x00007ff8f1ad4000 	C:\WINDOWS\System32\profapi.dll
0x00000000526e0000 - 0x0000000052878000 	C:\Program Files\Java\jdk1.8.0_121\jre\bin\awt.dll
0x00007ff8f2eb0000 - 0x00007ff8f2f6f000 	C:\WINDOWS\System32\OLEAUT32.dll
0x00007ff8f2570000 - 0x00007ff8f260c000 	C:\WINDOWS\System32\msvcp_win.dll
0x00007ff8f0060000 - 0x00007ff8f00da000 	C:\WINDOWS\SYSTEM32\apphelp.dll
0x00007ff8efda0000 - 0x00007ff8efdc6000 	C:\WINDOWS\system32\DWMAPI.DLL
0x00007ff8f0240000 - 0x00007ff8f02d5000 	C:\WINDOWS\system32\uxtheme.dll
0x00007ff8eb7b0000 - 0x00007ff8eb8d3000 	C:\WINDOWS\system32\opengl32.dll
0x00007ff8eb740000 - 0x00007ff8eb76d000 	C:\WINDOWS\SYSTEM32\GLU32.dll
0x00007ff8e8870000 - 0x00007ff8e8967000 	C:\WINDOWS\SYSTEM32\DDRAW.dll
0x00007ff8ebb70000 - 0x00007ff8ebb78000 	C:\WINDOWS\SYSTEM32\DCIMAN32.dll
0x00007ff8f5500000 - 0x00007ff8f565a000 	C:\WINDOWS\System32\MSCTF.dll
0x00007ff8f3080000 - 0x00007ff8f31b7000 	C:\WINDOWS\System32\ole32.dll
0x0000000052690000 - 0x00000000526d7000 	C:\Program Files\Java\jdk1.8.0_121\jre\bin\fontmanager.dll
0x0000000052d80000 - 0x0000000052d9a000 	C:\Program Files\Java\jdk1.8.0_121\jre\bin\net.dll
0x00007ff8f1390000 - 0x00007ff8f13ec000 	C:\WINDOWS\system32\mswsock.dll
0x0000000052d60000 - 0x0000000052d71000 	C:\Program Files\Java\jdk1.8.0_121\jre\bin\nio.dll
0x0000000052640000 - 0x0000000052682000 	C:\Program Files\Java\jdk1.8.0_121\jre\bin\t2k.dll
0x00007ff8f2d90000 - 0x00007ff8f2e2f000 	C:\WINDOWS\System32\clbcatq.dll
0x00007ff8ef370000 - 0x00007ff8ef518000 	C:\WINDOWS\SYSTEM32\WindowsCodecs.dll
0x00007ff8ef8c0000 - 0x00007ff8ef909000 	C:\WINDOWS\system32\dataexchange.dll
0x00007ff8ee7b0000 - 0x00007ff8eea66000 	C:\WINDOWS\system32\d3d11.dll
0x00007ff8efba0000 - 0x00007ff8efcf1000 	C:\WINDOWS\system32\dcomp.dll
0x00007ff8f0a40000 - 0x00007ff8f0adf000 	C:\WINDOWS\system32\dxgi.dll
0x00007ff8f05d0000 - 0x00007ff8f06ec000 	C:\WINDOWS\system32\twinapi.appcore.dll
0x00007ff8f1a00000 - 0x00007ff8f1a2b000 	C:\WINDOWS\system32\bcrypt.dll
0x00007ff8df600000 - 0x00007ff8df657000 	C:\Users\turif\AppData\Local\Temp\lwjglturif\3.1.1-build-16\lwjgl.dll
0x00007ff8f1550000 - 0x00007ff8f155b000 	C:\WINDOWS\SYSTEM32\CRYPTBASE.DLL
0x00007ff8d9b50000 - 0x00007ff8d9baf000 	C:\Users\turif\AppData\Local\Temp\lwjglturif\3.1.1-build-16\lwjgl_opengl.dll
0x00007ff8e1920000 - 0x00007ff8e1ab2000 	C:\WINDOWS\SYSTEM32\dbghelp.dll

VM Arguments:
jvm_args: -Dfile.encoding=UTF-8 
java_command: codemetropolis.toolchain.rendering.materialization.App
java_class_path (initial): C:\Users\turif\Documents\codemetropolis-toolchain-rendering-materialization\target\classes;C:\Users\turif\Documents\codemetropolis-toolchain-rendering-materialization\lib\jgraphx.jar;C:\Users\turif\Documents\codemetropolis-toolchain-rendering-materialization\lib\opengl.jar;C:\Users\turif\Downloads\lwjgl-opengl\lwjgl.jar;C:\Users\turif\Downloads\lwjgl-opengl\lwjgl-glfw.jar;C:\Users\turif\Downloads\lwjgl-opengl\lwjgl-glfw-javadoc.jar;C:\Users\turif\Downloads\lwjgl-opengl\lwjgl-glfw-natives-windows.jar;C:\Users\turif\Downloads\lwjgl-opengl\lwjgl-glfw-sources.jar;C:\Users\turif\Downloads\lwjgl-opengl\lwjgl-javadoc.jar;C:\Users\turif\Downloads\lwjgl-opengl\lwjgl-jemalloc.jar;C:\Users\turif\Downloads\lwjgl-opengl\lwjgl-jemalloc-javadoc.jar;C:\Users\turif\Downloads\lwjgl-opengl\lwjgl-jemalloc-natives-windows.jar;C:\Users\turif\Downloads\lwjgl-opengl\lwjgl-jemalloc-sources.jar;C:\Users\turif\Downloads\lwjgl-opengl\lwjgl-natives-windows.jar;C:\Users\turif\Downloads\lwjgl-opengl\lwjgl-openal.jar;C:\Users\turif\Downloads\lwjgl-opengl\lwjgl-openal-javadoc.jar;C:\Users\turif\Downloads\lwjgl-opengl\lwjgl-openal-natives-windows.jar;C:\Users\turif\Downloads\lwjgl-opengl\lwjgl-openal-sources.jar;C:\Users\turif\Downloads\lwjgl-opengl\lwjgl-opengl.jar;C:\Users\turif\Downloads\lwjgl-opengl\lwjgl-opengl-javadoc.jar;C:\Users\turif\Downloads\lwjgl-opengl\lwjgl-opengl-natives-windows.jar;C:\Users\turif\Downloads\lwjgl-opengl\lwjgl-opengl-sources.jar;C:\Users\turif\Downloads\lwjgl-opengl\lwjgl-sources.jar;C:\Users\turif\Downloads\lwjgl-opengl\lwjgl-stb.jar;C:\Users\turif\Downloads\lwjgl-opengl\lwjgl-stb-javadoc.jar;C:\Users\turif\Downloads\lwjgl-opengl\lwjgl-stb-natives-windows.jar;C:\Users\turif\Downloads\lwjgl-opengl\lwjgl-stb-sources.jar
Launcher Type: SUN_STANDARD

Environment Variables:
PATH=c:/Program Files/Java/jdk1.8.0_121/bin/../jre/bin/server;c:/Program Files/Java/jdk1.8.0_121/bin/../jre/bin;c:/Program Files/Java/jdk1.8.0_121/bin/../jre/lib/amd64;C:\oraclexe\app\oracle\product\11.2.0\server\bin;;C:\WINDOWS\system32;C:\WINDOWS;C:\WINDOWS\System32\Wbem;C:\WINDOWS\System32\WindowsPowerShell\v1.0\;c:\Program Files\Java\jdk1.8.0_121\bin\;C:\Program Files (x86)\Skype\Phone\;C:\Users\turif\AppData\Local\Microsoft\WindowsApps;c:\Program Files\Java\jdk1.8.0_121\bin\;C:\WINDOWS\system32;
USERNAME=turif
OS=Windows_NT
PROCESSOR_IDENTIFIER=Intel64 Family 6 Model 58 Stepping 9, GenuineIntel



---------------  S Y S T E M  ---------------

OS: Windows 10.0 , 64 bit Build 14393 (10.0.14393.0)

CPU:total 2 (2 cores per cpu, 1 threads per core) family 6 model 58 stepping 9, cmov, cx8, fxsr, mmx, sse, sse2, sse3, ssse3, sse4.1, sse4.2, popcnt, clmul, erms, tsc, tscinvbit, tscinv

Memory: 4k page, physical 3618520k(603456k free), swap 6918212k(1097592k free)

vm_info: Java HotSpot(TM) 64-Bit Server VM (25.121-b13) for windows-amd64 JRE (1.8.0_121-b13), built on Dec 12 2016 18:21:36 by "java_re" with MS VC++ 10.0 (VS2010)

time: Tue May 02 23:56:57 2017
elapsed time: 5 seconds (0d 0h 0m 5s)

